c:\users\admin\desktop\opengllab\opengllab\opengllab\x64\debug\vc142.pdb
c:\users\admin\desktop\opengllab\opengllab\opengllab\x64\debug\vc142.idb
c:\users\admin\desktop\opengllab\opengllab\opengllab\x64\debug\viewport.obj
c:\users\admin\desktop\opengllab\opengllab\opengllab\x64\debug\texture_cube.obj
c:\users\admin\desktop\opengllab\opengllab\opengllab\x64\debug\stb_image.obj
c:\users\admin\desktop\opengllab\opengllab\opengllab\x64\debug\specular.obj
c:\users\admin\desktop\opengllab\opengllab\opengllab\x64\debug\partspecular.obj
c:\users\admin\desktop\opengllab\opengllab\opengllab\x64\debug\multi_light.obj
c:\users\admin\desktop\opengllab\opengllab\opengllab\x64\debug\modelload.obj
c:\users\admin\desktop\opengllab\opengllab\opengllab\x64\debug\main.obj
c:\users\admin\desktop\opengllab\opengllab\opengllab\x64\debug\light.obj
c:\users\admin\desktop\opengllab\opengllab\opengllab\x64\debug\directionlight.obj
c:\users\admin\desktop\opengllab\opengllab\opengllab\x64\debug\camera.obj
d:\cg\lapuopengl\opengllab\opengllab\x64\debug\vc142.pdb
d:\cg\lapuopengl\opengllab\opengllab\x64\debug\vc142.idb
d:\cg\lapuopengl\opengllab\opengllab\x64\debug\viewport.obj
d:\cg\lapuopengl\opengllab\opengllab\x64\debug\texture_cube.obj
d:\cg\lapuopengl\opengllab\opengllab\x64\debug\stb_image.obj
d:\cg\lapuopengl\opengllab\opengllab\x64\debug\specular.obj
d:\cg\lapuopengl\opengllab\opengllab\x64\debug\partspecular.obj
d:\cg\lapuopengl\opengllab\opengllab\x64\debug\multi_light.obj
d:\cg\lapuopengl\opengllab\opengllab\x64\debug\modelload.obj
d:\cg\lapuopengl\opengllab\opengllab\x64\debug\light.obj
d:\cg\lapuopengl\opengllab\opengllab\x64\debug\imgui_widgets.obj
d:\cg\lapuopengl\opengllab\opengllab\x64\debug\imgui_impl_opengl3.obj
d:\cg\lapuopengl\opengllab\opengllab\x64\debug\imgui_impl_glfw.obj
d:\cg\lapuopengl\opengllab\opengllab\x64\debug\imgui_draw.obj
d:\cg\lapuopengl\opengllab\opengllab\x64\debug\imgui_demo.obj
d:\cg\lapuopengl\opengllab\opengllab\x64\debug\imgui.obj
d:\cg\lapuopengl\opengllab\opengllab\x64\debug\directionlight.obj
d:\cg\lapuopengl\opengllab\opengllab\x64\debug\camera.obj
d:\cg\lapuopengl\opengllab\opengllab\x64\debug\main.obj
d:\golf_game\previouse_cw\previousgraphics\opengllab-master\cursework project\opengllab\x64\debug\vc142.pdb
d:\golf_game\previouse_cw\previousgraphics\opengllab-master\cursework project\opengllab\x64\debug\vc142.idb
d:\golf_game\previouse_cw\previousgraphics\opengllab-master\cursework project\opengllab\x64\debug\stb_image.obj
d:\golf_game\previouse_cw\previousgraphics\opengllab-master\cursework project\opengllab\x64\debug\main.obj
d:\golf_game\previouse_cw\previousgraphics\opengllab-master\cursework project\opengllab\x64\debug\imgui_widgets.obj
d:\golf_game\previouse_cw\previousgraphics\opengllab-master\cursework project\opengllab\x64\debug\imgui_impl_opengl3.obj
d:\golf_game\previouse_cw\previousgraphics\opengllab-master\cursework project\opengllab\x64\debug\imgui_impl_glfw.obj
d:\golf_game\previouse_cw\previousgraphics\opengllab-master\cursework project\opengllab\x64\debug\imgui_draw.obj
d:\golf_game\previouse_cw\previousgraphics\opengllab-master\cursework project\opengllab\x64\debug\imgui_demo.obj
d:\golf_game\previouse_cw\previousgraphics\opengllab-master\cursework project\opengllab\x64\debug\imgui.obj
d:\golf_game\previouse_cw\previousgraphics\opengllab-master\cursework project\opengllab\x64\debug\camera.obj
d:\golf_game\previouse_cw\previousgraphics\opengllab-master\cursework project\opengllab\x64\debug\directionlight.obj
d:\golf_game\previouse_cw\previousgraphics\opengllab-master\cursework project\opengllab\x64\debug\light.obj
d:\golf_game\previouse_cw\previousgraphics\opengllab-master\cursework project\opengllab\x64\debug\modelload.obj
d:\golf_game\previouse_cw\previousgraphics\opengllab-master\cursework project\opengllab\x64\debug\multi_light.obj
d:\golf_game\previouse_cw\previousgraphics\opengllab-master\cursework project\opengllab\x64\debug\partspecular.obj
d:\golf_game\previouse_cw\previousgraphics\opengllab-master\cursework project\opengllab\x64\debug\specular.obj
d:\golf_game\previouse_cw\previousgraphics\opengllab-master\cursework project\opengllab\x64\debug\texture_cube.obj
d:\golf_game\previouse_cw\previousgraphics\opengllab-master\cursework project\opengllab\x64\debug\viewport.obj
d:\golf_game\previouse_cw\previousgraphics\opengllab-master\cursework project\x64\debug\opengllab.pdb
d:\golf_game\previouse_cw\previousgraphics\opengllab-master\cursework project\opengllab\x64\debug\opengllab.tlog\cl.command.1.tlog
d:\golf_game\previouse_cw\previousgraphics\opengllab-master\cursework project\opengllab\x64\debug\opengllab.tlog\cl.read.1.tlog
d:\golf_game\previouse_cw\previousgraphics\opengllab-master\cursework project\opengllab\x64\debug\opengllab.tlog\cl.write.1.tlog
d:\golf_game\previouse_cw\previousgraphics\opengllab-master\cursework project\opengllab\x64\debug\opengllab.tlog\link-cvtres.read.1.tlog
d:\golf_game\previouse_cw\previousgraphics\opengllab-master\cursework project\opengllab\x64\debug\opengllab.tlog\link-cvtres.write.1.tlog
d:\golf_game\previouse_cw\previousgraphics\opengllab-master\cursework project\opengllab\x64\debug\opengllab.tlog\link-rc.read.1.tlog
d:\golf_game\previouse_cw\previousgraphics\opengllab-master\cursework project\opengllab\x64\debug\opengllab.tlog\link-rc.write.1.tlog
d:\golf_game\previouse_cw\previousgraphics\opengllab-master\cursework project\opengllab\x64\debug\opengllab.tlog\link.30824-cvtres.read.1.tlog
d:\golf_game\previouse_cw\previousgraphics\opengllab-master\cursework project\opengllab\x64\debug\opengllab.tlog\link.30824-cvtres.write.1.tlog
d:\golf_game\previouse_cw\previousgraphics\opengllab-master\cursework project\opengllab\x64\debug\opengllab.tlog\link.30824-rc.read.1.tlog
d:\golf_game\previouse_cw\previousgraphics\opengllab-master\cursework project\opengllab\x64\debug\opengllab.tlog\link.30824-rc.write.1.tlog
d:\golf_game\previouse_cw\previousgraphics\opengllab-master\cursework project\opengllab\x64\debug\opengllab.tlog\link.30824.read.1.tlog
d:\golf_game\previouse_cw\previousgraphics\opengllab-master\cursework project\opengllab\x64\debug\opengllab.tlog\link.30824.write.1.tlog
d:\golf_game\previouse_cw\previousgraphics\opengllab-master\cursework project\opengllab\x64\debug\opengllab.tlog\link.command.1.tlog
d:\golf_game\previouse_cw\previousgraphics\opengllab-master\cursework project\opengllab\x64\debug\opengllab.tlog\link.read.1.tlog
d:\golf_game\previouse_cw\previousgraphics\opengllab-master\cursework project\opengllab\x64\debug\opengllab.tlog\link.write.1.tlog
