  main.cpp
main.obj : error LNK2019: unresolved external symbol _gladLoadGLLoader referenced in function _main
main.obj : error LNK2019: unresolved external symbol _glfwInit referenced in function _main
main.obj : error LNK2019: unresolved external symbol _glfwTerminate referenced in function _main
main.obj : error LNK2019: unresolved external symbol _glfwWindowHint referenced in function _main
main.obj : error LNK2019: unresolved external symbol _glfwCreateWindow referenced in function _main
main.obj : error LNK2019: unresolved external symbol _glfwWindowShouldClose referenced in function _main
main.obj : error LNK2019: unresolved external symbol _glfwSetWindowShouldClose referenced in function "void __cdecl processInput(struct GLFWwindow *)" (?processInput@@YAXPAUGLFWwindow@@@Z)
main.obj : error LNK2019: unresolved external symbol _glfwSetFramebufferSizeCallback referenced in function _main
main.obj : error LNK2019: unresolved external symbol _glfwPollEvents referenced in function _main
main.obj : error LNK2019: unresolved external symbol _glfwGetKey referenced in function "void __cdecl processInput(struct GLFWwindow *)" (?processInput@@YAXPAUGLFWwindow@@@Z)
main.obj : error LNK2019: unresolved external symbol _glfwMakeContextCurrent referenced in function _main
main.obj : error LNK2019: unresolved external symbol _glfwSwapBuffers referenced in function _main
main.obj : error LNK2019: unresolved external symbol _glfwGetProcAddress referenced in function _main
main.obj : error LNK2001: unresolved external symbol _glad_glClear
main.obj : error LNK2001: unresolved external symbol _glad_glClearColor
main.obj : error LNK2001: unresolved external symbol _glad_glViewport
C:\Users\Admin\Desktop\OpenGLLab\OpenGLLab\libs\glfw3.lib : warning LNK4272: library machine type 'x64' conflicts with target machine type 'x86'
C:\Users\Admin\Desktop\OpenGLLab\OpenGLLab\libs\glad.lib : warning LNK4272: library machine type 'x64' conflicts with target machine type 'x86'
C:\Users\Admin\Desktop\OpenGLLab\OpenGLLab\Debug\OpenGLLab.exe : fatal error LNK1120: 16 unresolved externals
